[INFO] Scanning for projects...
[INFO] 
[INFO] --------------------------< com.example:demo >--------------------------
[INFO] Building demo 0.0.1-SNAPSHOT
[INFO]   from pom.xml
[INFO] --------------------------------[ jar ]---------------------------------
[INFO] 
[INFO] --- clean:3.3.2:clean (default-clean) @ demo ---
[INFO] Deleting H:\family_medicine\backend\target
[INFO] 
[INFO] --- resources:3.3.1:resources (default-resources) @ demo ---
[INFO] Copying 1 resource from src\main\resources to target\classes
[INFO] Copying 5 resources from src\main\resources to target\classes
[INFO] 
[INFO] --- compiler:3.11.0:compile (default-compile) @ demo ---
[INFO] Changes detected - recompiling the module! :source
[INFO] Compiling 210 source files with javac [debug release 17] to target\classes
[INFO] -------------------------------------------------------------
[ERROR] COMPILATION ERROR : 
[INFO] -------------------------------------------------------------
[ERROR] /H:/family_medicine/backend/src/main/java/com/familymed/audit/AuditLogService.java:[6,20] cannot find symbol
  symbol:   class AuditActionType
  location: interface com.familymed.audit.AuditLogService
[ERROR] /H:/family_medicine/backend/src/main/java/com/familymed/audit/AuditLogController.java:[20,19] cannot find symbol
  symbol:   class AuditLogRepository
  location: class com.familymed.audit.AuditLogController
[ERROR] /H:/family_medicine/backend/src/main/java/com/familymed/audit/AuditLogController.java:[17,1] cannot find symbol
  symbol:   class AuditLogRepository
  location: class com.familymed.audit.AuditLogController
[INFO] 3 errors 
[INFO] -------------------------------------------------------------
[INFO] ------------------------------------------------------------------------
[INFO] BUILD FAILURE
[INFO] ------------------------------------------------------------------------
[INFO] Total time:  6.074 s
[INFO] Finished at: 2026-02-20T15:29:29+07:00
[INFO] ------------------------------------------------------------------------
[ERROR] Failed to execute goal org.apache.maven.plugins:maven-compiler-plugin:3.11.0:compile (default-compile) on project demo: Compilation failure: Compilation failure: 
[ERROR] /H:/family_medicine/backend/src/main/java/com/familymed/audit/AuditLogService.java:[6,20] cannot find symbol
[ERROR]   symbol:   class AuditActionType
[ERROR]   location: interface com.familymed.audit.AuditLogService
[ERROR] /H:/family_medicine/backend/src/main/java/com/familymed/audit/AuditLogController.java:[20,19] cannot find symbol
[ERROR]   symbol:   class AuditLogRepository
[ERROR]   location: class com.familymed.audit.AuditLogController
[ERROR] /H:/family_medicine/backend/src/main/java/com/familymed/audit/AuditLogController.java:[17,1] cannot find symbol
[ERROR]   symbol:   class AuditLogRepository
[ERROR]   location: class com.familymed.audit.AuditLogController
[ERROR] -> [Help 1]
[ERROR] 
[ERROR] To see the full stack trace of the errors, re-run Maven with the -e switch.
[ERROR] Re-run Maven using the -X switch to enable full debug logging.
[ERROR] 
[ERROR] For more information about the errors and possible solutions, please read the following articles:
[ERROR] [Help 1] http://cwiki.apache.org/confluence/display/MAVEN/MojoFailureException
